0 info it worked if it ends with ok
1 verbose cli [ 'C:\\Program Files\\nodejs\\node.exe',
1 verbose cli   'C:\\Program Files\\nodejs\\node_modules\\npm\\bin\\npm-cli.js',
1 verbose cli   'run',
1 verbose cli   'test' ]
2 info using npm@2.15.9
3 info using node@v4.5.0
4 verbose run-script [ 'pretest', 'test', 'posttest' ]
5 info pretest perfect-number@1.0.0
6 verbose unsafe-perm in lifecycle true
7 info perfect-number@1.0.0 Failed to exec pretest script
8 verbose stack Error: perfect-number@1.0.0 pretest: `eslint src`
8 verbose stack Exit status 1
8 verbose stack     at EventEmitter.<anonymous> (C:\Program Files\nodejs\node_modules\npm\lib\utils\lifecycle.js:217:16)
8 verbose stack     at emitTwo (events.js:87:13)
8 verbose stack     at EventEmitter.emit (events.js:172:7)
8 verbose stack     at ChildProcess.<anonymous> (C:\Program Files\nodejs\node_modules\npm\lib\utils\spawn.js:24:14)
8 verbose stack     at emitTwo (events.js:87:13)
8 verbose stack     at ChildProcess.emit (events.js:172:7)
8 verbose stack     at maybeClose (internal/child_process.js:829:16)
8 verbose stack     at Process.ChildProcess._handle.onexit (internal/child_process.js:211:5)
9 verbose pkgid perfect-number@1.0.0
10 verbose cwd D:\Source\nodejs\perfect-number
11 error Windows_NT 10.0.14393
12 error argv "C:\\Program Files\\nodejs\\node.exe" "C:\\Program Files\\nodejs\\node_modules\\npm\\bin\\npm-cli.js" "run" "test"
13 error node v4.5.0
14 error npm  v2.15.9
15 error code ELIFECYCLE
16 error perfect-number@1.0.0 pretest: `eslint src`
16 error Exit status 1
17 error Failed at the perfect-number@1.0.0 pretest script 'eslint src'.
17 error This is most likely a problem with the perfect-number package,
17 error not with npm itself.
17 error Tell the author that this fails on your system:
17 error     eslint src
17 error You can get information on how to open an issue for this project with:
17 error     npm bugs perfect-number
17 error Or if that isn't available, you can get their info via:
17 error
17 error     npm owner ls perfect-number
17 error There is likely additional logging output above.
18 verbose exit [ 1, true ]
